<?xml version="1.0" encoding="UTF-8"?>
<testsuites>
  <testsuite name="" tests="10" assertions="28" errors="0" warnings="0" failures="0" skipped="0" time="0.027441">
    <testsuite name="Project Test Suite" tests="10" assertions="28" errors="0" warnings="0" failures="0" skipped="0" time="0.027441">
      <testsuite name="Senet\AzureKeyVault\Exception\NotFoundExceptionTest" file="/var/www/html/tests/Exception/NotFoundExceptionTest.php" tests="1" assertions="1" errors="0" warnings="0" failures="0" skipped="0" time="0.002926">
        <testcase name="testIdMapping" class="Senet\AzureKeyVault\Exception\NotFoundExceptionTest" classname="Senet.AzureKeyVault.Exception.NotFoundExceptionTest" file="/var/www/html/tests/Exception/NotFoundExceptionTest.php" line="10" assertions="1" time="0.002926"/>
      </testsuite>
      <testsuite name="Senet\AzureKeyVault\HelperTest" file="/var/www/html/tests/HelperTest.php" tests="1" assertions="1" errors="0" warnings="0" failures="0" skipped="0" time="0.000693">
        <testcase name="testTimestampToDateTimeImmutable" class="Senet\AzureKeyVault\HelperTest" classname="Senet.AzureKeyVault.HelperTest" file="/var/www/html/tests/HelperTest.php" line="12" assertions="1" time="0.000693"/>
      </testsuite>
      <testsuite name="Senet\AzureKeyVault\KeyVaultTest" file="/var/www/html/tests/KeyVaultTest.php" tests="4" assertions="5" errors="0" warnings="0" failures="0" skipped="0" time="0.019664">
        <testcase name="testValidOAuthAuthentication" class="Senet\AzureKeyVault\KeyVaultTest" classname="Senet.AzureKeyVault.KeyVaultTest" file="/var/www/html/tests/KeyVaultTest.php" line="34" assertions="1" time="0.010372"/>
        <testcase name="testAuthenticationFailure" class="Senet\AzureKeyVault\KeyVaultTest" classname="Senet.AzureKeyVault.KeyVaultTest" file="/var/www/html/tests/KeyVaultTest.php" line="46" assertions="1" time="0.003040"/>
        <testcase name="testInvalidOption" class="Senet\AzureKeyVault\KeyVaultTest" classname="Senet.AzureKeyVault.KeyVaultTest" file="/var/www/html/tests/KeyVaultTest.php" line="68" assertions="1" time="0.000626"/>
        <testcase name="testSettingCustomApiVersion" class="Senet\AzureKeyVault\KeyVaultTest" classname="Senet.AzureKeyVault.KeyVaultTest" file="/var/www/html/tests/KeyVaultTest.php" line="83" assertions="2" time="0.005627"/>
      </testsuite>
      <testsuite name="Senet\AzureKeyVault\Mapper\DataToSecretListTest" file="/var/www/html/tests/Mapper/DataToSecretListTest.php" tests="1" assertions="6" errors="0" warnings="0" failures="0" skipped="0" time="0.001236">
        <testcase name="testMappingOfDataArray" class="Senet\AzureKeyVault\Mapper\DataToSecretListTest" classname="Senet.AzureKeyVault.Mapper.DataToSecretListTest" file="/var/www/html/tests/Mapper/DataToSecretListTest.php" line="11" assertions="6" time="0.001236"/>
      </testsuite>
      <testsuite name="Senet\AzureKeyVault\Mapper\DataToSecretTest" file="/var/www/html/tests/Mapper/DataToSecretTest.php" tests="1" assertions="7" errors="0" warnings="0" failures="0" skipped="0" time="0.001599">
        <testcase name="testMappingOfDataArray" class="Senet\AzureKeyVault\Mapper\DataToSecretTest" classname="Senet.AzureKeyVault.Mapper.DataToSecretTest" file="/var/www/html/tests/Mapper/DataToSecretTest.php" line="11" assertions="7" time="0.001599"/>
      </testsuite>
      <testsuite name="Senet\AzureKeyVault\Model\SecretListTest" file="/var/www/html/tests/Model/SecretListTest.php" tests="1" assertions="6" errors="0" warnings="0" failures="0" skipped="0" time="0.000607">
        <testcase name="testGetters" class="Senet\AzureKeyVault\Model\SecretListTest" classname="Senet.AzureKeyVault.Model.SecretListTest" file="/var/www/html/tests/Model/SecretListTest.php" line="11" assertions="6" time="0.000607"/>
      </testsuite>
      <testsuite name="Senet\AzureKeyVault\Model\TagTest" file="/var/www/html/tests/Model/TagTest.php" tests="1" assertions="2" errors="0" warnings="0" failures="0" skipped="0" time="0.000716">
        <testcase name="testGetters" class="Senet\AzureKeyVault\Model\TagTest" classname="Senet.AzureKeyVault.Model.TagTest" file="/var/www/html/tests/Model/TagTest.php" line="11" assertions="2" time="0.000716"/>
      </testsuite>
    </testsuite>
  </testsuite>
</testsuites>
